<?xml version="1.0" encoding="UTF-8"?>
<!-- Generated by org.testng.reporters.JUnitXMLReporter -->
<testsuite ignored="0" hostname="DESKTOP-GU03B2P" failures="0" tests="4" name="ChromeTest" time="52.322" errors="0" timestamp="2023-02-07T11:56:08 IST">
  <testcase classname="pkg1.LoginPageTestClass" name="test1" time="0.327"/>
  <testcase classname="pkg1.TestNgTestClass" name="signupPage" time="10.384"/>
  <testcase classname="pkg1.TestNgTestClass" name="privacyPolicy" time="16.399"/>
  <testcase classname="pkg1.TestNgTestClass" name="cookiesPolcy" time="13.53"/>
</testsuite> <!-- ChromeTest -->
