<?xml version="1.0" encoding="UTF-8"?>
<!-- Generated by org.testng.reporters.JUnitXMLReporter -->
<testsuite ignored="0" hostname="DESKTOP-GU03B2P" failures="0" tests="4" name="FirefoxTest" time="58.503" errors="0" timestamp="2023-02-07T11:57:07 IST">
  <testcase classname="pkg1.LoginPageTestClass" name="test1" time="0.638"/>
  <testcase classname="pkg1.TestNgTestClass" name="signupPage" time="10.224"/>
  <testcase classname="pkg1.TestNgTestClass" name="privacyPolicy" time="15.176"/>
  <testcase classname="pkg1.TestNgTestClass" name="cookiesPolcy" time="13.247"/>
</testsuite> <!-- FirefoxTest -->
