<?xml version="1.0" encoding="UTF-8"?>
<!-- Generated by org.testng.reporters.JUnitXMLReporter -->
<testsuite ignored="0" hostname="DESKTOP-GU03B2P" failures="0" tests="5" name="Test" time="41.173" errors="0" timestamp="2023-02-06T14:57:59 IST">
  <testcase classname="pkg1.LoginPageTestClass" name="test1" time="0.256"/>
  <testcase classname="pkg1.SignupTestNg" name="verifyDetailsInfo" time="2.378"/>
  <testcase classname="pkg1.TestNgTestClass" name="signupPage" time="4.871"/>
  <testcase classname="pkg1.TestNgTestClass" name="privacyPolicy" time="4.554"/>
  <testcase classname="pkg1.TestNgTestClass" name="cookiesPolcy" time="5.409"/>
</testsuite> <!-- Test -->
