<?xml version="1.0" encoding="UTF-8"?>
<!-- Generated by org.testng.reporters.JUnitXMLReporter -->
<testsuite ignored="2" hostname="DESKTOP-GU03B2P" failures="1" tests="1" name="ChromeTest(failed)" time="18.145" errors="0" timestamp="2023-02-07T11:29:21 IST">
  <testcase classname="pkg1.TestNgTestClass" name="privacyPolicy" time="10.75">
    <failure type="java.lang.AssertionError" message="The following asserts failed:
	expected [Meta Privacy Policy – How Meta collects and uses user data | Privacy Centre | Manage your privacy on Facebook, Instagram and Messenger | Facebook Privacy] but found [Meta Privacy Policy – How Meta collects and uses user data]">
      <![CDATA[java.lang.AssertionError: The following asserts failed:
expected [Meta Privacy Policy – How Meta collects and uses user data | Privacy Centre | Manage your privacy on Facebook, Instagram and Messenger | Facebook Privacy] but found [Meta Privacy Policy – How Meta collects and uses user data]
at pkg1.TestNgTestClass.privacyPolicy(TestNgTestClass.java:129)
at java.base/java.util.concurrent.ThreadPoolExecutor.runWorker(ThreadPoolExecutor.java:1136)
at java.base/java.util.concurrent.ThreadPoolExecutor$Worker.run(ThreadPoolExecutor.java:635)
at java.base/java.lang.Thread.run(Thread.java:833)
... Removed 12 stack frames]]>
    </failure>
  </testcase> <!-- privacyPolicy -->
  <testcase classname="pkg1.TestNgTestClass" name="signupPage" time="0.0">
    <ignored/>
  </testcase> <!-- signupPage -->
  <testcase classname="pkg1.TestNgTestClass" name="cookiesPolcy" time="0.0">
    <ignored/>
  </testcase> <!-- cookiesPolcy -->
</testsuite> <!-- ChromeTest(failed) -->
